<?xml version="1.0" encoding="UTF-8"?>
<testsuite name="com.nascimento.dio.PessoaTest" tests="1" skipped="0" failures="0" errors="0" timestamp="2024-07-10T12:05:57" hostname="ADM-TI-017" time="0.02">
  <properties/>
  <testcase name="validarCalculoDeIdade()" classname="com.nascimento.dio.PessoaTest" time="0.02"/>
  <system-out><![CDATA[]]></system-out>
  <system-err><![CDATA[]]></system-err>
</testsuite>
